<?xml version="1.0" encoding="UTF-8"?>
<!-- Generated by org.testng.reporters.JUnitReportReporter -->
<testsuite skipped="0" hostname="DESKTOP-28VRNDT" name="driver.DriverScript" tests="1" failures="0" timestamp="2020-12-05T20:23:12 IST" time="69.364" errors="0">
  <testcase name="executeTests" time="69.364" classname="driver.DriverScript"/>
  <system-out/>
</testsuite> <!-- driver.DriverScript -->
